<?xml version="1.0" encoding="UTF-8"?>
<!-- Generated by org.testng.reporters.JUnitReportReporter -->
<testsuite hostname="BDAVIS-MAC.local" name="TestNGThreePackage.ClassTwo" tests="10" failures="0" timestamp="20 Feb 2015 17:24:29 GMT" time="0.033" errors="0">
  <testcase name="Group1_Test2" time="0.000" classname="TestNGThreePackage.ClassTwo"/>
  <testcase name="Test2" time="0.019" classname="TestNGThreePackage.ClassTwo"/>
  <testcase name="Test4" time="0.001" classname="TestNGThreePackage.ClassTwo"/>
  <testcase name="Group1_Test2" time="0.000" classname="TestNGThreePackage.ClassTwo"/>
  <testcase name="Test3" time="0.001" classname="TestNGThreePackage.ClassTwo"/>
  <testcase name="Group1_Test1" time="0.000" classname="TestNGThreePackage.ClassTwo"/>
  <testcase name="Test2" time="0.011" classname="TestNGThreePackage.ClassTwo"/>
  <testcase name="Test4" time="0.000" classname="TestNGThreePackage.ClassTwo"/>
  <testcase name="Group1_Test1" time="0.000" classname="TestNGThreePackage.ClassTwo"/>
  <testcase name="Test3" time="0.001" classname="TestNGThreePackage.ClassTwo"/>
</testsuite> <!-- TestNGThreePackage.ClassTwo -->
