<?xml version="1.0" encoding="UTF-8"?>
<!-- Generated by org.testng.reporters.JUnitReportReporter -->
<testsuite hostname="BDAVIS-MAC.hsd1.ma.comcast.net" name="TestNGOnePackage.DataProviderTest" tests="2" failures="0" timestamp="12 Feb 2015 06:10:07 GMT" time="0.681" errors="0">
  <testcase name="f" time="0.284" classname="TestNGOnePackage.DataProviderTest"/>
  <testcase name="f" time="0.397" classname="TestNGOnePackage.DataProviderTest"/>
</testsuite> <!-- TestNGOnePackage.DataProviderTest -->
