<?xml version="1.0" encoding="UTF-8"?>
<!-- Generated by org.testng.reporters.JUnitReportReporter -->
<testsuite hostname="BDAVIS-MAC.local" name="TestNGOnePackage.ParametersTest" tests="2" failures="0" timestamp="17 Feb 2015 18:18:06 GMT" time="0.129" errors="0">
  <testcase name="verify_title" time="0.017" classname="TestNGOnePackage.ParametersTest"/>
  <testcase name="verify_title" time="0.112" classname="TestNGOnePackage.ParametersTest"/>
</testsuite> <!-- TestNGOnePackage.ParametersTest -->
