<?xml version="1.0" encoding="UTF-8"?>
<!-- Generated by org.testng.reporters.JUnitReportReporter -->
<testsuite hostname="BDAVIS-MAC.local" name="TestNGOnePackage.ClassOne" tests="4" failures="0" timestamp="20 Feb 2015 17:24:29 GMT" time="10.208" errors="0">
  <testcase name="MethodThree" time="2.881" classname="TestNGOnePackage.ClassOne"/>
  <testcase name="MethodOne" time="3.714" classname="TestNGOnePackage.ClassOne"/>
  <testcase name="MethodTwo" time="2.453" classname="TestNGOnePackage.ClassOne"/>
  <testcase name="One" time="1.160" classname="TestNGOnePackage.ClassOne"/>
</testsuite> <!-- TestNGOnePackage.ClassOne -->
