<?xml version="1.0" encoding="UTF-8"?>
<!-- Generated by org.testng.reporters.JUnitReportReporter -->
<testsuite hostname="BDAVIS-MAC.local" name="TestNGOnePackage.ClassTwo" tests="1" failures="0" timestamp="20 Feb 2015 17:24:29 GMT" time="0.000" errors="0">
  <testcase name="f" time="0.000" classname="TestNGOnePackage.ClassTwo"/>
</testsuite> <!-- TestNGOnePackage.ClassTwo -->
