<?xml version="1.0" encoding="UTF-8"?>
<!-- Generated by org.testng.reporters.JUnitReportReporter -->
<testsuite hostname="BDAVIS-MAC.local" name="TestNGTwoPackage.ClassTwo" tests="2" failures="0" timestamp="20 Feb 2015 17:24:29 GMT" time="5.270" errors="0">
  <testcase name="MethodTwo" time="2.024" classname="TestNGTwoPackage.ClassTwo"/>
  <testcase name="MethodOne" time="3.246" classname="TestNGTwoPackage.ClassTwo"/>
</testsuite> <!-- TestNGTwoPackage.ClassTwo -->
